kotlin version: 2.0.0
error message: org.jetbrains.kotlin.backend.common.BackendException: Backend Internal error: Exception during IR lowering
File being compiled: G:/All Android projects/1ExampleComposePandaRoyal/app/src/main/java/com/example/example/MainActivity.kt
The root cause java.lang.RuntimeException was thrown at: org.jetbrains.kotlin.backend.jvm.codegen.FunctionCodegen.generate(FunctionCodegen.kt:50)
	at org.jetbrains.kotlin.backend.common.CodegenUtil.reportBackendException(CodegenUtil.kt:253)
	at org.jetbrains.kotlin.backend.common.CodegenUtil.reportBackendException$default(CodegenUtil.kt:236)
	at org.jetbrains.kotlin.backend.common.phaser.PerformByIrFilePhase.invokeSequential(performByIrFile.kt:65)
	at org.jetbrains.kotlin.backend.common.phaser.PerformByIrFilePhase.invoke(performByIrFile.kt:52)
	at org.jetbrains.kotlin.backend.common.phaser.PerformByIrFilePhase.invoke(performByIrFile.kt:38)
	at org.jetbrains.kotlin.backend.common.phaser.NamedCompilerPhase.phaseBody(CompilerPhase.kt:166)
	at org.jetbrains.kotlin.backend.common.phaser.AbstractNamedCompilerPhase.invoke(CompilerPhase.kt:113)
	at org.jetbrains.kotlin.backend.common.phaser.CompositePhase.invoke(PhaseBuilders.kt:29)
	at org.jetbrains.kotlin.backend.common.phaser.CompositePhase.invoke(PhaseBuilders.kt:16)
	at org.jetbrains.kotlin.backend.common.phaser.NamedCompilerPhase.phaseBody(CompilerPhase.kt:166)
	at org.jetbrains.kotlin.backend.common.phaser.AbstractNamedCompilerPhase.invoke(CompilerPhase.kt:113)
	at org.jetbrains.kotlin.backend.common.phaser.CompilerPhaseKt.invokeToplevel(CompilerPhase.kt:62)
	at org.jetbrains.kotlin.backend.jvm.JvmIrCodegenFactory.invokeCodegen(JvmIrCodegenFactory.kt:371)
	at org.jetbrains.kotlin.codegen.CodegenFactory.generateModule(CodegenFactory.kt:47)
	at org.jetbrains.kotlin.backend.jvm.JvmIrCodegenFactory.generateModuleInFrontendIRMode(JvmIrCodegenFactory.kt:433)
	at org.jetbrains.kotlin.cli.jvm.compiler.pipeline.JvmCompilerPipelineKt.generateCodeFromIr(jvmCompilerPipeline.kt:241)
	at org.jetbrains.kotlin.cli.jvm.compiler.pipeline.JvmCompilerPipelineKt.compileModulesUsingFrontendIrAndLightTree(jvmCompilerPipeline.kt:140)
	at org.jetbrains.kotlin.cli.jvm.K2JVMCompiler.doExecute(K2JVMCompiler.kt:155)
	at org.jetbrains.kotlin.cli.jvm.K2JVMCompiler.doExecute(K2JVMCompiler.kt:50)
	at org.jetbrains.kotlin.cli.common.CLICompiler.execImpl(CLICompiler.kt:104)
	at org.jetbrains.kotlin.cli.common.CLICompiler.execImpl(CLICompiler.kt:48)
	at org.jetbrains.kotlin.cli.common.CLITool.exec(CLITool.kt:101)
	at org.jetbrains.kotlin.incremental.IncrementalJvmCompilerRunner.runCompiler(IncrementalJvmCompilerRunner.kt:453)
	at org.jetbrains.kotlin.incremental.IncrementalJvmCompilerRunner.runCompiler(IncrementalJvmCompilerRunner.kt:62)
	at org.jetbrains.kotlin.incremental.IncrementalCompilerRunner.doCompile(IncrementalCompilerRunner.kt:506)
	at org.jetbrains.kotlin.incremental.IncrementalCompilerRunner.compileImpl(IncrementalCompilerRunner.kt:423)
	at org.jetbrains.kotlin.incremental.IncrementalCompilerRunner.compileNonIncrementally(IncrementalCompilerRunner.kt:301)
	at org.jetbrains.kotlin.incremental.IncrementalCompilerRunner.compile(IncrementalCompilerRunner.kt:129)
	at org.jetbrains.kotlin.daemon.CompileServiceImplBase.execIncrementalCompiler(CompileServiceImpl.kt:676)
	at org.jetbrains.kotlin.daemon.CompileServiceImplBase.access$execIncrementalCompiler(CompileServiceImpl.kt:92)
	at org.jetbrains.kotlin.daemon.CompileServiceImpl.compile(CompileServiceImpl.kt:1661)
	at java.base/jdk.internal.reflect.NativeMethodAccessorImpl.invoke0(Native Method)
	at java.base/jdk.internal.reflect.NativeMethodAccessorImpl.invoke(NativeMethodAccessorImpl.java:77)
	at java.base/jdk.internal.reflect.DelegatingMethodAccessorImpl.invoke(DelegatingMethodAccessorImpl.java:43)
	at java.base/java.lang.reflect.Method.invoke(Method.java:569)
	at java.rmi/sun.rmi.server.UnicastServerRef.dispatch(UnicastServerRef.java:360)
	at java.rmi/sun.rmi.transport.Transport$1.run(Transport.java:200)
	at java.rmi/sun.rmi.transport.Transport$1.run(Transport.java:197)
	at java.base/java.security.AccessController.doPrivileged(AccessController.java:712)
	at java.rmi/sun.rmi.transport.Transport.serviceCall(Transport.java:196)
	at java.rmi/sun.rmi.transport.tcp.TCPTransport.handleMessages(TCPTransport.java:587)
	at java.rmi/sun.rmi.transport.tcp.TCPTransport$ConnectionHandler.run0(TCPTransport.java:828)
	at java.rmi/sun.rmi.transport.tcp.TCPTransport$ConnectionHandler.lambda$run$0(TCPTransport.java:705)
	at java.base/java.security.AccessController.doPrivileged(AccessController.java:399)
	at java.rmi/sun.rmi.transport.tcp.TCPTransport$ConnectionHandler.run(TCPTransport.java:704)
	at java.base/java.util.concurrent.ThreadPoolExecutor.runWorker(ThreadPoolExecutor.java:1136)
	at java.base/java.util.concurrent.ThreadPoolExecutor$Worker.run(ThreadPoolExecutor.java:635)
	at java.base/java.lang.Thread.run(Thread.java:840)
Caused by: java.lang.RuntimeException: Exception while generating code for:
FUN name:ScoringTableApp visibility:public modality:FINAL <> () returnType:kotlin.Unit
  annotations:
    Composable
  BLOCK_BODY
    VAR name:rowNames type:kotlin.collections.List<kotlin.String> [val]
      CALL 'public final fun plus <T> (elements: kotlin.collections.Iterable<T of kotlin.collections.CollectionsKt.plus>): kotlin.collections.List<T of kotlin.collections.CollectionsKt.plus> [operator] declared in kotlin.collections.CollectionsKt' type=kotlin.collections.List<kotlin.String> origin=PLUS
        <T>: kotlin.String
        $receiver: CALL 'public final fun listOf <T> (element: T of kotlin.collections.CollectionsKt.listOf): kotlin.collections.List<T of kotlin.collections.CollectionsKt.listOf> declared in kotlin.collections.CollectionsKt' type=kotlin.collections.List<kotlin.String> origin=null
          <T>: kotlin.String
          element: CONST String type=kotlin.String value="Раунд"
        elements: CALL 'public final fun map <T, R> (transform: kotlin.Function1<T of kotlin.collections.CollectionsKt.map, R of kotlin.collections.CollectionsKt.map>): kotlin.collections.List<R of kotlin.collections.CollectionsKt.map> [inline] declared in kotlin.collections.CollectionsKt' type=kotlin.collections.List<kotlin.String> origin=null
          <T>: kotlin.Int
          <R>: kotlin.String
          $receiver: CALL 'public final fun rangeTo (other: kotlin.Int): kotlin.ranges.IntRange [operator] declared in kotlin.Int' type=kotlin.ranges.IntRange origin=RANGE
            $this: CONST Int type=kotlin.Int value=1
            other: CONST Int type=kotlin.Int value=10
          transform: BLOCK type=kotlin.Function1<kotlin.Int, kotlin.String> origin=LAMBDA
            COMPOSITE type=kotlin.Unit origin=null
            FUNCTION_REFERENCE 'private final fun ScoringTableApp$lambda$0 (it: kotlin.Int): kotlin.String declared in com.example.example.MainActivityKt' type=kotlin.Function1<kotlin.Int, kotlin.String> origin=INLINE_LAMBDA reflectionTarget=null
    VAR name:columnNames type:kotlin.collections.List<kotlin.String> [val]
      CALL 'public final fun listOf <T> (vararg elements: T of kotlin.collections.CollectionsKt.listOf): kotlin.collections.List<T of kotlin.collections.CollectionsKt.listOf> declared in kotlin.collections.CollectionsKt' type=kotlin.collections.List<kotlin.String> origin=null
        <T>: kotlin.String
        elements: BLOCK type=kotlin.Array<out kotlin.String> origin=null
          VAR IR_TEMPORARY_VARIABLE name:tmp0 type:kotlin.Array<out kotlin.String> [val]
            CALL 'public final fun arrayOfNulls <T> (size: kotlin.Int): kotlin.Array<T of kotlin.arrayOfNulls?> declared in kotlin' type=kotlin.Array<out kotlin.String> origin=null
              <T>: kotlin.String
              size: CONST Int type=kotlin.Int value=9
          CALL 'public final fun set (index: kotlin.Int, value: T of kotlin.Array): kotlin.Unit [operator] declared in kotlin.Array' type=kotlin.Unit origin=null
            $this: GET_VAR 'val tmp0: kotlin.Array<out kotlin.String> [val] declared in com.example.example.MainActivityKt.ScoringTableApp' type=kotlin.Array<out kotlin.String> origin=null
            index: CONST Int type=kotlin.Int value=0
            value: CONST String type=kotlin.String value="Раунд"
          CALL 'public final fun set (index: kotlin.Int, value: T of kotlin.Array): kotlin.Unit [operator] declared in kotlin.Array' type=kotlin.Unit origin=null
            $this: GET_VAR 'val tmp0: kotlin.Array<out kotlin.String> [val] declared in com.example.example.MainActivityKt.ScoringTableApp' type=kotlin.Array<out kotlin.String> origin=null
            index: CONST Int type=kotlin.Int value=1
            value: CONST String type=kotlin.String value="Сумма жёлтых"
          CALL 'public final fun set (index: kotlin.Int, value: T of kotlin.Array): kotlin.Unit [operator] declared in kotlin.Array' type=kotlin.Unit origin=null
            $this: GET_VAR 'val tmp0: kotlin.Array<out kotlin.String> [val] declared in com.example.example.MainActivityKt.ScoringTableApp' type=kotlin.Array<out kotlin.String> origin=null
            index: CONST Int type=kotlin.Int value=2
            value: CONST String type=kotlin.String value="Сумма фиол. х2"
          CALL 'public final fun set (index: kotlin.Int, value: T of kotlin.Array): kotlin.Unit [operator] declared in kotlin.Array' type=kotlin.Unit origin=null
            $this: GET_VAR 'val tmp0: kotlin.Array<out kotlin.String> [val] declared in com.example.example.MainActivityKt.ScoringTableApp' type=kotlin.Array<out kotlin.String> origin=null
            index: CONST Int type=kotlin.Int value=3
            value: CONST String type=kotlin.String value="Сумма голубых (х2, если блест.)"
          CALL 'public final fun set (index: kotlin.Int, value: T of kotlin.Array): kotlin.Unit [operator] declared in kotlin.Array' type=kotlin.Unit origin=null
            $this: GET_VAR 'val tmp0: kotlin.Array<out kotlin.String> [val] declared in com.example.example.MainActivityKt.ScoringTableApp' type=kotlin.Array<out kotlin.String> origin=null
            index: CONST Int type=kotlin.Int value=4
            value: CONST String type=kotlin.String value="Сумма красных х#Красных"
          CALL 'public final fun set (index: kotlin.Int, value: T of kotlin.Array): kotlin.Unit [operator] declared in kotlin.Array' type=kotlin.Unit origin=null
            $this: GET_VAR 'val tmp0: kotlin.Array<out kotlin.String> [val] declared in com.example.example.MainActivityKt.ScoringTableApp' type=kotlin.Array<out kotlin.String> origin=null
            index: CONST Int type=kotlin.Int value=5
            value: CONST String type=kotlin.String value="Сумма зелёных"
          CALL 'public final fun set (index: kotlin.Int, value: T of kotlin.Array): kotlin.Unit [operator] declared in kotlin.Array' type=kotlin.Unit origin=null
            $this: GET_VAR 'val tmp0: kotlin.Array<out kotlin.String> [val] declared in com.example.example.MainActivityKt.ScoringTableApp' type=kotlin.Array<out kotlin.String> origin=null
            index: CONST Int type=kotlin.Int value=6
            value: CONST String type=kotlin.String value="Сумма белых"
          CALL 'public final fun set (index: kotlin.Int, value: T of kotlin.Array): kotlin.Unit [operator] declared in kotlin.Array' type=kotlin.Unit origin=null
            $this: GET_VAR 'val tmp0: kotlin.Array<out kotlin.String> [val] declared in com.example.example.MainActivityKt.ScoringTableApp' type=kotlin.Array<out kotlin.String> origin=null
            index: CONST Int type=kotlin.Int value=7
            value: CONST String type=kotlin.String value="Розовый"
          CALL 'public final fun set (index: kotlin.Int, value: T of kotlin.Array): kotlin.Unit [operator] declared in kotlin.Array' type=kotlin.Unit origin=null
            $this: GET_VAR 'val tmp0: kotlin.Array<out kotlin.String> [val] declared in com.example.example.MainActivityKt.ScoringTableApp' type=kotlin.Array<out kotlin.String> origin=null
            index: CONST Int type=kotlin.Int value=8
            value: CONST String type=kotlin.String value="Сумма за раунд"
          GET_VAR 'val tmp0: kotlin.Array<out kotlin.String> [val] declared in com.example.example.MainActivityKt.ScoringTableApp' type=kotlin.Array<out kotlin.String> origin=null
    VAR name:columnBackgroundColors type:kotlin.collections.List<androidx.compose.ui.graphics.Color> [val]
      CALL 'public final fun listOf <T> (vararg elements: T of kotlin.collections.CollectionsKt.listOf): kotlin.collections.List<T of kotlin.collections.CollectionsKt.listOf> declared in kotlin.collections.CollectionsKt' type=kotlin.collections.List<androidx.compose.ui.graphics.Color> origin=null
        <T>: androidx.compose.ui.graphics.Color
        elements: BLOCK type=kotlin.Array<out androidx.compose.ui.graphics.Color> origin=null
          VAR IR_TEMPORARY_VARIABLE name:tmp0 type:kotlin.Array<out androidx.compose.ui.graphics.Color> [val]
            CALL 'public final fun arrayOfNulls <T> (size: kotlin.Int): kotlin.Array<T of kotlin.arrayOfNulls?> declared in kotlin' type=kotlin.Array<out androidx.compose.ui.graphics.Color> origin=null
              <T>: androidx.compose.ui.graphics.Color
              size: CONST Int type=kotlin.Int value=9
          CALL 'public final fun set (index: kotlin.Int, value: T of kotlin.Array): kotlin.Unit [operator] declared in kotlin.Array' type=kotlin.Unit origin=null
            $this: GET_VAR 'val tmp0: kotlin.Array<out androidx.compose.ui.graphics.Color> [val] declared in com.example.example.MainActivityKt.ScoringTableApp' type=kotlin.Array<out androidx.compose.ui.graphics.Color> origin=null
            index: CONST Int type=kotlin.Int value=0
            value: CALL 'public final fun getWhite-0d7_KjU (): androidx.compose.ui.graphics.Color declared in androidx.compose.ui.graphics.Color.Companion' type=androidx.compose.ui.graphics.Color origin=GET_PROPERTY
              $this: GET_FIELD 'FIELD FIELD_FOR_OBJECT_INSTANCE name:Companion type:androidx.compose.ui.graphics.Color.Companion visibility:public [final,static]' type=androidx.compose.ui.graphics.Color.Companion origin=null
          CALL 'public final fun set (index: kotlin.Int, value: T of kotlin.Array): kotlin.Unit [operator] declared in kotlin.Array' type=kotlin.Unit origin=null
            $this: GET_VAR 'val tmp0: kotlin.Array<out androidx.compose.ui.graphics.Color> [val] declared in com.example.example.MainActivityKt.ScoringTableApp' type=kotlin.Array<out androidx.compose.ui.graphics.Color> origin=null
            index: CONST Int type=kotlin.Int value=1
            value: CALL 'public final fun getYellow-0d7_KjU (): androidx.compose.ui.graphics.Color declared in androidx.compose.ui.graphics.Color.Companion' type=androidx.compose.ui.graphics.Color origin=GET_PROPERTY
              $this: GET_FIELD 'FIELD FIELD_FOR_OBJECT_INSTANCE name:Companion type:androidx.compose.ui.graphics.Color.Companion visibility:public [final,static]' type=androidx.compose.ui.graphics.Color.Companion origin=null
          CALL 'public final fun set (index: kotlin.Int, value: T of kotlin.Array): kotlin.Unit [operator] declared in kotlin.Array' type=kotlin.Unit origin=null
            $this: GET_VAR 'val tmp0: kotlin.Array<out androidx.compose.ui.graphics.Color> [val] declared in com.example.example.MainActivityKt.ScoringTableApp' type=kotlin.Array<out androidx.compose.ui.graphics.Color> origin=null
            index: CONST Int type=kotlin.Int value=2
            value: CALL 'public final fun Color (color: kotlin.Long): androidx.compose.ui.graphics.Color declared in androidx.compose.ui.graphics.ColorKt' type=androidx.compose.ui.graphics.Color origin=null
              color: CONST Long type=kotlin.Long value=4292984551
          CALL 'public final fun set (index: kotlin.Int, value: T of kotlin.Array): kotlin.Unit [operator] declared in kotlin.Array' type=kotlin.Unit origin=null
            $this: GET_VAR 'val tmp0: kotlin.Array<out androidx.compose.ui.graphics.Color> [val] declared in com.example.example.MainActivityKt.ScoringTableApp' type=kotlin.Array<out androidx.compose.ui.graphics.Color> origin=null
            index: CONST Int type=kotlin.Int value=3
            value: CALL 'public final fun getCyan-0d7_KjU (): androidx.compose.ui.graphics.Color declared in androidx.compose.ui.graphics.Color.Companion' type=androidx.compose.ui.graphics.Color origin=GET_PROPERTY
              $this: GET_FIELD 'FIELD FIELD_FOR_OBJECT_INSTANCE name:Companion type:androidx.compose.ui.graphics.Color.Companion visibility:public [final,static]' type=androidx.compose.ui.graphics.Color.Companion origin=null
          CALL 'public final fun set (index: kotlin.Int, value: T of kotlin.Array): kotlin.Unit [operator] declared in kotlin.Array' type=kotlin.Unit origin=null
            $this: GET_VAR 'val tmp0: kotlin.Array<out androidx.compose.ui.graphics.Color> [val] declared in com.example.example.MainActivityKt.ScoringTableApp' type=kotlin.Array<out androidx.compose.ui.graphics.Color> origin=null
            index: CONST Int type=kotlin.Int value=4
            value: CALL 'public final fun getRed-0d7_KjU (): androidx.compose.ui.graphics.Color declared in androidx.compose.ui.graphics.Color.Companion' type=androidx.compose.ui.graphics.Color origin=GET_PROPERTY
              $this: GET_FIELD 'FIELD FIELD_FOR_OBJECT_INSTANCE name:Companion type:androidx.compose.ui.graphics.Color.Companion visibility:public [final,static]' type=androidx.compose.ui.graphics.Color.Companion origin=null
          CALL 'public final fun set (index: kotlin.Int, value: T of kotlin.Array): kotlin.Unit [operator] declared in kotlin.Array' type=kotlin.Unit origin=null
            $this: GET_VAR 'val tmp0: kotlin.Array<out androidx.compose.ui.graphics.Color> [val] declared in com.example.example.MainActivityKt.ScoringTableApp' type=kotlin.Array<out androidx.compose.ui.graphics.Color> origin=null
            index: CONST Int type=kotlin.Int value=5
            value: CALL 'public final fun getGreen-0d7_KjU (): androidx.compose.ui.graphics.Color declared in androidx.compose.ui.graphics.Color.Companion' type=androidx.compose.ui.graphics.Color origin=GET_PROPERTY
              $this: GET_FIELD 'FIELD FIELD_FOR_OBJECT_INSTANCE name:Companion type:androidx.compose.ui.graphics.Color.Companion visibility:public [final,static]' type=androidx.compose.ui.graphics.Color.Companion origin=null
          CALL 'public final fun set (index: kotlin.Int, value: T of kotlin.Array): kotlin.Unit [operator] declared in kotlin.Array' type=kotlin.Unit origin=null
            $this: GET_VAR 'val tmp0: kotlin.Array<out androidx.compose.ui.graphics.Color> [val] declared in com.example.example.MainActivityKt.ScoringTableApp' type=kotlin.Array<out androidx.compose.ui.graphics.Color> origin=null
            index: CONST Int type=kotlin.Int value=6
            value: CALL 'public final fun getWhite-0d7_KjU (): androidx.compose.ui.graphics.Color declared in androidx.compose.ui.graphics.Color.Companion' type=androidx.compose.ui.graphics.Color origin=GET_PROPERTY
              $this: GET_FIELD 'FIELD FIELD_FOR_OBJECT_INSTANCE name:Companion type:androidx.compose.ui.graphics.Color.Companion visibility:public [final,static]' type=androidx.compose.ui.graphics.Color.Companion origin=null
          CALL 'public final fun set (index: kotlin.Int, value: T of kotlin.Array): kotlin.Unit [operator] declared in kotlin.Array' type=kotlin.Unit origin=null
            $this: GET_VAR 'val tmp0: kotlin.Array<out androidx.compose.ui.graphics.Color> [val] declared in com.example.example.MainActivityKt.ScoringTableApp' type=kotlin.Array<out androidx.compose.ui.graphics.Color> origin=null
            index: CONST Int type=kotlin.Int value=7
            value: CALL 'public final fun Color (color: kotlin.Long): androidx.compose.ui.graphics.Color declared in androidx.compose.ui.graphics.ColorKt' type=androidx.compose.ui.graphics.Color origin=null
              color: CONST Long type=kotlin.Long value=4294951115
          CALL 'public final fun set (index: kotlin.Int, value: T of kotlin.Array): kotlin.Unit [operator] declared in kotlin.Array' type=kotlin.Unit origin=null
            $this: GET_VAR 'val tmp0: kotlin.Array<out androidx.compose.ui.graphics.Color> [val] declared in com.example.example.MainActivityKt.ScoringTableApp' type=kotlin.Array<out androidx.compose.ui.graphics.Color> origin=null
            index: CONST Int type=kotlin.Int value=8
            value: CALL 'public final fun getWhite-0d7_KjU (): androidx.compose.ui.graphics.Color declared in androidx.compose.ui.graphics.Color.Companion' type=androidx.compose.ui.graphics.Color origin=GET_PROPERTY
              $this: GET_FIELD 'FIELD FIELD_FOR_OBJECT_INSTANCE name:Companion type:androidx.compose.ui.graphics.Color.Companion visibility:public [final,static]' type=androidx.compose.ui.graphics.Color.Companion origin=null
          GET_VAR 'val tmp0: kotlin.Array<out androidx.compose.ui.graphics.Color> [val] declared in com.example.example.MainActivityKt.ScoringTableApp' type=kotlin.Array<out androidx.compose.ui.graphics.Color> origin=null
    VAR name:tableData type:androidx.compose.runtime.snapshots.SnapshotStateList<kotlin.collections.MutableList<com.example.example.CellData>> [val]
      CALL 'public final fun remember <T> (calculation: @[DisallowComposableCalls] kotlin.Function0<T of androidx.compose.runtime.ComposablesKt.remember>): T of androidx.compose.runtime.ComposablesKt.remember [inline] declared in androidx.compose.runtime.ComposablesKt' type=androidx.compose.runtime.snapshots.SnapshotStateList<kotlin.collections.MutableList<com.example.example.CellData>> origin=null
        <T>: androidx.compose.runtime.snapshots.SnapshotStateList<kotlin.collections.MutableList<com.example.example.CellData>>
        calculation: BLOCK type=kotlin.Function0<androidx.compose.runtime.snapshots.SnapshotStateList<kotlin.collections.MutableList<com.example.example.CellData>>> origin=LAMBDA
          COMPOSITE type=kotlin.Unit origin=null
          FUNCTION_REFERENCE 'private final fun ScoringTableApp$lambda$2 ($columnNames: kotlin.collections.List<kotlin.String>, $columnBackgroundColors: kotlin.collections.List<androidx.compose.ui.graphics.Color>): androidx.compose.runtime.snapshots.SnapshotStateList<kotlin.collections.MutableList<com.example.example.CellData>> declared in com.example.example.MainActivityKt' type=kotlin.Function0<androidx.compose.runtime.snapshots.SnapshotStateList<kotlin.collections.MutableList<com.example.example.CellData>>> origin=INLINE_LAMBDA reflectionTarget=null
            $columnNames: GET_VAR 'val columnNames: kotlin.collections.List<kotlin.String> [val] declared in com.example.example.MainActivityKt.ScoringTableApp' type=kotlin.collections.List<kotlin.String> origin=null
            $columnBackgroundColors: GET_VAR 'val columnBackgroundColors: kotlin.collections.List<androidx.compose.ui.graphics.Color> [val] declared in com.example.example.MainActivityKt.ScoringTableApp' type=kotlin.collections.List<androidx.compose.ui.graphics.Color> origin=null
    CALL 'public final fun LaunchedEffect (key1: kotlin.Any?, block: @[ExtensionFunctionType] kotlin.coroutines.SuspendFunction1<kotlinx.coroutines.CoroutineScope, kotlin.Unit>): kotlin.Unit declared in androidx.compose.runtime.EffectsKt' type=kotlin.Unit origin=null
      key1: GET_FIELD 'FIELD FIELD_FOR_OBJECT_INSTANCE name:INSTANCE type:kotlin.Unit visibility:public [final,static]' type=kotlin.Unit origin=null
      block: BLOCK type=com.example.example.MainActivityKt.ScoringTableApp.<no name provided> origin=null
        CLASS SUSPEND_LAMBDA CLASS name:<no name provided> modality:FINAL visibility:public/*package*/ superTypes:[kotlin.coroutines.jvm.internal.SuspendLambda; kotlin.jvm.functions.Function2<kotlinx.coroutines.CoroutineScope, kotlin.coroutines.Continuation<kotlin.Unit>?, kotlin.Any?>]
          $this: VALUE_PARAMETER INSTANCE_RECEIVER name:<this> type:com.example.example.MainActivityKt.ScoringTableApp.<no name provided>
          FIELD name:label type:kotlin.Int visibility:public/*package*/
          CONSTRUCTOR SUSPEND_LAMBDA visibility:public/*package*/ <> ($rowNames:kotlin.collections.List<kotlin.String>, $tableData:androidx.compose.runtime.snapshots.SnapshotStateList<kotlin.collections.MutableList<com.example.example.CellData>>, $completion:kotlin.coroutines.Continuation<com.example.example.MainActivityKt.ScoringTableApp.<no name provided>>?) returnType:com.example.example.MainActivityKt.ScoringTableApp.<no name provided> [primary]
            VALUE_PARAMETER BOUND_VALUE_PARAMETER name:$rowNames index:0 type:kotlin.collections.List<kotlin.String>
            VALUE_PARAMETER BOUND_VALUE_PARAMETER name:$tableData index:1 type:androidx.compose.runtime.snapshots.SnapshotStateList<kotlin.collections.MutableList<com.example.example.CellData>>
            VALUE_PARAMETER name:$completion index:2 type:kotlin.coroutines.Continuation<com.example.example.MainActivityKt.ScoringTableApp.<no name provided>>?
            BLOCK_BODY
              SET_FIELD 'FIELD FIELD_FOR_CAPTURED_VALUE name:$rowNames type:kotlin.collections.List<kotlin.String> visibility:public/*package*/ [final]' type=kotlin.Unit origin=INITIALIZER_OF_FIELD_FOR_CAPTURED_VALUE
                receiver: GET_VAR '<this>: com.example.example.MainActivityKt.ScoringTableApp.<no name provided> declared in com.example.example.MainActivityKt.ScoringTableApp.<no name provided>' type=com.example.example.MainActivityKt.ScoringTableApp.<no name provided> origin=null
                value: GET_VAR '$rowNames: kotlin.collections.List<kotlin.String> declared in com.example.example.MainActivityKt.ScoringTableApp.<no name provided>.<init>' type=kotlin.collections.List<kotlin.String> origin=null
              SET_FIELD 'FIELD FIELD_FOR_CAPTURED_VALUE name:$tableData type:androidx.compose.runtime.snapshots.SnapshotStateList<kotlin.collections.MutableList<com.example.example.CellData>> visibility:public/*package*/ [final]' type=kotlin.Unit origin=INITIALIZER_OF_FIELD_FOR_CAPTURED_VALUE
                receiver: GET_VAR '<this>: com.example.example.MainActivityKt.ScoringTableApp.<no name provided> declared in com.example.example.MainActivityKt.ScoringTableApp.<no name provided>' type=com.example.example.MainActivityKt.ScoringTableApp.<no name provided> origin=null
                value: GET_VAR '$tableData: androidx.compose.runtime.snapshots.SnapshotStateList<kotlin.collections.MutableList<com.example.example.CellData>> declared in com.example.example.MainActivityKt.ScoringTableApp.<no name provided>.<init>' type=androidx.compose.runtime.snapshots.SnapshotStateList<kotlin.collections.MutableList<com.example.example.CellData>> origin=null
              DELEGATING_CONSTRUCTOR_CALL 'public constructor <init> (arity: kotlin.Int, $completion: kotlin.coroutines.Continuation<kotlin.Any?>?) declared in kotlin.coroutines.jvm.internal.SuspendLambda'
                arity: CONST Int type=kotlin.Int value=2
                $completion: GET_VAR '$completion: kotlin.coroutines.Continuation<com.example.example.MainActivityKt.ScoringTableApp.<no name provided>>? declared in com.example.example.MainActivityKt.ScoringTableApp.<no name provided>.<init>' type=kotlin.coroutines.Continuation<com.example.example.MainActivityKt.ScoringTableApp.<no name provided>>? origin=null
              BLOCK type=kotlin.Unit origin=null
          FUN name:invokeSuspend visibility:public modality:FINAL <> ($this:com.example.example.MainActivityKt.ScoringTableApp.<no name provided>, $result:kotlin.Result<kotlin.Any?>) returnType:kotlin.Any?
            overridden:
              protected abstract fun invokeSuspend ($result: kotlin.Result<kotlin.Any?>): kotlin.Any? declared in kotlin.coroutines.jvm.internal.SuspendLambda
            $this: VALUE_PARAMETER INSTANCE_RECEIVER name:<this> type:com.example.example.MainActivityKt.ScoringTableApp.<no name provided>
            VALUE_PARAMETER name:$result index:0 type:kotlin.Result<kotlin.Any?>
            BLOCK_BODY
              BLOCK type=kotlin.Unit origin=FOR_LOOP
                COMPOSITE type=kotlin.Unit origin=null
                  VAR FOR_LOOP_VARIABLE name:i type:kotlin.Int [var]
                    CONST Int type=kotlin.Int value=0
                  VAR IR_TEMPORARY_VARIABLE name:last type:kotlin.Int [val]
                    CALL 'public abstract fun <get-size> (): kotlin.Int declared in kotlin.collections.Collection' type=kotlin.Int origin=null
                      $this: GET_FIELD 'FIELD FIELD_FOR_CAPTURED_VALUE name:$rowNames type:kotlin.collections.List<kotlin.String> visibility:public/*package*/ [final]' type=kotlin.collections.List<kotlin.String> origin=null
                        receiver: GET_VAR '<this>: com.example.example.MainActivityKt.ScoringTableApp.<no name provided> declared in com.example.example.MainActivityKt.ScoringTableApp.<no name provided>.invokeSuspend' type=com.example.example.MainActivityKt.ScoringTableApp.<no name provided> origin=null
                DO_WHILE label=MainActivityKt$ScoringTableApp$<no name provided>$invokeSuspend1 origin=DO_WHILE_COUNTER_LOOP
                  body: COMPOSITE type=kotlin.Unit origin=FOR_LOOP_INNER_WHILE
                    COMPOSITE type=kotlin.Unit origin=FOR_LOOP_NEXT
                      WHEN type=kotlin.Unit origin=null
                        BRANCH
                          if: CALL 'public final fun not (): kotlin.Boolean [operator] declared in kotlin.Boolean' type=kotlin.Boolean origin=null
                            $this: CALL 'public final fun less (arg0: kotlin.Int, arg1: kotlin.Int): kotlin.Boolean declared in kotlin.internal.ir' type=kotlin.Boolean origin=null
                              arg0: GET_VAR 'var i: kotlin.Int [var] declared in com.example.example.MainActivityKt.ScoringTableApp.<no name provided>.invokeSuspend' type=kotlin.Int origin=null
                              arg1: GET_VAR 'val last: kotlin.Int [val] declared in com.example.example.MainActivityKt.ScoringTableApp.<no name provided>.invokeSuspend' type=kotlin.Int origin=null
                          then: BREAK label=null loop.label=MainActivityKt$ScoringTableApp$<no name provided>$invokeSuspend1
                    BLOCK type=kotlin.Unit origin=null
                      CALL 'public final fun <set-value> (<set-?>: kotlin.String): kotlin.Unit declared in com.example.example.CellData' type=kotlin.Unit origin=EQ
                        $this: CALL 'public abstract fun get (index: kotlin.Int): E of kotlin.collections.MutableList [fake_override,operator] declared in kotlin.collections.MutableList' type=com.example.example.CellData origin=GET_ARRAY_ELEMENT
                          $this: CALL 'public open fun get (index: kotlin.Int): T of androidx.compose.runtime.snapshots.SnapshotStateList [operator] declared in androidx.compose.runtime.snapshots.SnapshotStateList' type=kotlin.collections.MutableList<com.example.example.CellData> origin=GET_ARRAY_ELEMENT
                            $this: GET_FIELD 'FIELD FIELD_FOR_CAPTURED_VALUE name:$tableData type:androidx.compose.runtime.snapshots.SnapshotStateList<kotlin.collections.MutableList<com.example.example.CellData>> visibility:public/*package*/ [final]' type=androidx.compose.runtime.snapshots.SnapshotStateList<kotlin.collections.MutableList<com.example.example.CellData>> origin=null
                              receiver: GET_VAR '<this>: com.example.example.MainActivityKt.ScoringTableApp.<no name provided> declared in com.example.example.MainActivityKt.ScoringTableApp.<no name provided>.invokeSuspend' type=com.example.example.MainActivityKt.ScoringTableApp.<no name provided> origin=null
                            index: GET_VAR 'var i: kotlin.Int [var] declared in com.example.example.MainActivityKt.ScoringTableApp.<no name provided>.invokeSuspend' type=kotlin.Int origin=null
                          index: CONST Int type=kotlin.Int value=0
                        <set-?>: CALL 'public abstract fun get (index: kotlin.Int): E of kotlin.collections.List [operator] declared in kotlin.collections.List' type=kotlin.String origin=GET_ARRAY_ELEMENT
                          $this: GET_FIELD 'FIELD FIELD_FOR_CAPTURED_VALUE name:$rowNames type:kotlin.collections.List<kotlin.String> visibility:public/*package*/ [final]' type=kotlin.collections.List<kotlin.String> origin=null
                            receiver: GET_VAR '<this>: com.example.example.MainActivityKt.ScoringTableApp.<no name provided> declared in com.example.example.MainActivityKt.ScoringTableApp.<no name provided>.invokeSuspend' type=com.example.example.MainActivityKt.ScoringTableApp.<no name provided> origin=null
                          index: GET_VAR 'var i: kotlin.Int [var] declared in com.example.example.MainActivityKt.ScoringTableApp.<no name provided>.invokeSuspend' type=kotlin.Int origin=null
                  condition: COMPOSITE type=kotlin.Boolean origin=null
                    CALL 'public final fun <int-prefix-incr-decr> (value: kotlin.Int, delta: kotlin.Int): kotlin.Int declared in kotlin.jvm.internal' type=kotlin.Int origin=null
                      value: GET_VAR 'var i: kotlin.Int [var] declared in com.example.example.MainActivityKt.ScoringTableApp.<no name provided>.invokeSuspend' type=kotlin.Int origin=null
                      delta: CONST Int type=kotlin.Int value=1
                    CONST Boolean type=kotlin.Boolean value=true
          FUN name:create visibility:public modality:FINAL <> ($this:com.example.example.MainActivityKt.ScoringTableApp.<no name provided>, value:kotlin.Any?, $completion:kotlin.coroutines.Continuation<kotlin.Nothing>) returnType:kotlin.coroutines.Continuation<kotlin.Unit>
            overridden:
              public open fun create (value: kotlin.Any?, $completion: kotlin.coroutines.Continuation<kotlin.Nothing>): kotlin.coroutines.Continuation<kotlin.Unit> declared in kotlin.coroutines.jvm.internal.SuspendLambda
            $this: VALUE_PARAMETER INSTANCE_RECEIVER name:<this> type:com.example.example.MainActivityKt.ScoringTableApp.<no name provided>
            VALUE_PARAMETER name:value index:0 type:kotlin.Any?
            VALUE_PARAMETER name:$completion index:1 type:kotlin.coroutines.Continuation<kotlin.Nothing>
            BLOCK_BODY
              RETURN type=kotlin.Nothing from='public final fun create (value: kotlin.Any?, $completion: kotlin.coroutines.Continuation<kotlin.Nothing>): kotlin.coroutines.Continuation<kotlin.Unit> declared in com.example.example.MainActivityKt.ScoringTableApp.<no name provided>'
                CONSTRUCTOR_CALL 'public/*package*/ constructor <init> ($rowNames: kotlin.collections.List<kotlin.String>, $tableData: androidx.compose.runtime.snapshots.SnapshotStateList<kotlin.collections.MutableList<com.example.example.CellData>>, $completion: kotlin.coroutines.Continuation<com.example.example.MainActivityKt.ScoringTableApp.<no name provided>>?) [primary] declared in com.example.example.MainActivityKt.ScoringTableApp.<no name provided>' type=com.example.example.MainActivityKt.ScoringTableApp.<no name provided> origin=null
                  $rowNames: GET_FIELD 'FIELD FIELD_FOR_CAPTURED_VALUE name:$rowNames type:kotlin.collections.List<kotlin.String> visibility:public/*package*/ [final]' type=kotlin.collections.List<kotlin.String> origin=null
                    receiver: GET_VAR '<this>: com.example.example.MainActivityKt.ScoringTableApp.<no name provided> declared in com.example.example.MainActivityKt.ScoringTableApp.<no name provided>.create' type=com.example.example.MainActivityKt.ScoringTableApp.<no name provided> origin=null
                  $tableData: GET_FIELD 'FIELD FIELD_FOR_CAPTURED_VALUE name:$tableData type:androidx.compose.runtime.snapshots.SnapshotStateList<kotlin.collections.MutableList<com.example.example.CellData>> visibility:public/*package*/ [final]' type=androidx.compose.runtime.snapshots.SnapshotStateList<kotlin.collections.MutableList<com.example.example.CellData>> origin=null
                    receiver: GET_VAR '<this>: com.example.example.MainActivityKt.ScoringTableApp.<no name provided> declared in com.example.example.MainActivityKt.ScoringTableApp.<no name provided>.create' type=com.example.example.MainActivityKt.ScoringTableApp.<no name provided> origin=null
                  $completion: GET_VAR '$completion: kotlin.coroutines.Continuation<kotlin.Nothing> declared in com.example.example.MainActivityKt.ScoringTableApp.<no name provided>.create' type=kotlin.coroutines.Continuation<kotlin.Nothing> origin=null
          FUN name:invoke visibility:public modality:FINAL <> ($this:com.example.example.MainActivityKt.ScoringTableApp.<no name provided>, p1:kotlinx.coroutines.CoroutineScope, p2:kotlin.coroutines.Continuation<kotlin.Unit>?) returnType:kotlin.Any?
            overridden:
              public abstract fun invoke (p1: P1 of kotlin.jvm.functions.Function2, p2: P2 of kotlin.jvm.functions.Function2): R of kotlin.jvm.functions.Function2 declared in kotlin.jvm.functions.Function2
            $this: VALUE_PARAMETER INSTANCE_RECEIVER name:<this> type:com.example.example.MainActivityKt.ScoringTableApp.<no name provided>
            VALUE_PARAMETER name:p1 index:0 type:kotlinx.coroutines.CoroutineScope
            VALUE_PARAMETER name:p2 index:1 type:kotlin.coroutines.Continuation<kotlin.Unit>?
            BLOCK_BODY
              RETURN type=kotlin.Nothing from='public final fun invoke (p1: kotlinx.coroutines.CoroutineScope, p2: kotlin.coroutines.Continuation<kotlin.Unit>?): kotlin.Any? declared in com.example.example.MainActivityKt.ScoringTableApp.<no name provided>'
                CALL 'public final fun invokeSuspend ($result: kotlin.Result<kotlin.Any?>): kotlin.Any? declared in com.example.example.MainActivityKt.ScoringTableApp.<no name provided>' type=kotlin.Any? origin=null
                  $this: TYPE_OP type=com.example.example.MainActivityKt.ScoringTableApp.<no name provided> origin=IMPLICIT_CAST typeOperand=com.example.example.MainActivityKt.ScoringTableApp.<no name provided>
                    CALL 'public final fun create (value: kotlin.Any?, $completion: kotlin.coroutines.Continuation<kotlin.Nothing>): kotlin.coroutines.Continuation<kotlin.Unit> declared in com.example.example.MainActivityKt.ScoringTableApp.<no name provided>' type=kotlin.coroutines.Continuation<kotlin.Unit> origin=null
                      $this: GET_VAR '<this>: com.example.example.MainActivityKt.ScoringTableApp.<no name provided> declared in com.example.example.MainActivityKt.ScoringTableApp.<no name provided>.invoke' type=com.example.example.MainActivityKt.ScoringTableApp.<no name provided> origin=null
                      value: GET_VAR 'p1: kotlinx.coroutines.CoroutineScope declared in com.example.example.MainActivityKt.ScoringTableApp.<no name provided>.invoke' type=kotlinx.coroutines.CoroutineScope origin=null
                      $completion: GET_VAR 'p2: kotlin.coroutines.Continuation<kotlin.Unit>? declared in com.example.example.MainActivityKt.ScoringTableApp.<no name provided>.invoke' type=kotlin.coroutines.Continuation<kotlin.Unit>? origin=null
                  $result: CALL 'public final fun <unsafe-coerce> <T, R> (v: T of kotlin.jvm.internal.<unsafe-coerce>): R of kotlin.jvm.internal.<unsafe-coerce> declared in kotlin.jvm.internal' type=kotlin.Result<kotlin.Any?> origin=null
                    <T>: kotlin.Any?
                    <R>: kotlin.Result<kotlin.Any?>
                    v: GET_FIELD 'FIELD FIELD_FOR_OBJECT_INSTANCE name:INSTANCE type:kotlin.Unit visibility:public [final,static]' type=kotlin.Unit origin=null
          FIELD FIELD_FOR_CAPTURED_VALUE name:$rowNames type:kotlin.collections.List<kotlin.String> visibility:public/*package*/ [final]
          FIELD FIELD_FOR_CAPTURED_VALUE name:$tableData type:androidx.compose.runtime.snapshots.SnapshotStateList<kotlin.collections.MutableList<com.example.example.CellData>> visibility:public/*package*/ [final]
          FUN BRIDGE name:invoke visibility:public modality:OPEN <> ($this:com.example.example.MainActivityKt.ScoringTableApp.<no name provided>, p1:kotlin.Any?, p2:kotlin.Any?) returnType:kotlin.Any?
            $this: VALUE_PARAMETER INSTANCE_RECEIVER name:<this> type:com.example.example.MainActivityKt.ScoringTableApp.<no name provided>
            VALUE_PARAMETER BRIDGE name:p1 index:0 type:kotlin.Any?
            VALUE_PARAMETER BRIDGE name:p2 index:1 type:kotlin.Any?
            EXPRESSION_BODY
              RETURN type=kotlin.Nothing from='public open fun invoke (p1: kotlin.Any?, p2: kotlin.Any?): kotlin.Any? declared in com.example.example.MainActivityKt.ScoringTableApp.<no name provided>'
                CALL 'public final fun invoke (p1: kotlinx.coroutines.CoroutineScope, p2: kotlin.coroutines.Continuation<kotlin.Unit>?): kotlin.Any? declared in com.example.example.MainActivityKt.ScoringTableApp.<no name provided>' type=kotlin.Any? origin=BRIDGE_DELEGATION
                  $this: GET_VAR '<this>: com.example.example.MainActivityKt.ScoringTableApp.<no name provided> declared in com.example.example.MainActivityKt.ScoringTableApp.<no name provided>.invoke' type=com.example.example.MainActivityKt.ScoringTableApp.<no name provided> origin=null
                  p1: TYPE_OP type=kotlinx.coroutines.CoroutineScope origin=IMPLICIT_CAST typeOperand=kotlinx.coroutines.CoroutineScope
                    GET_VAR 'p1: kotlin.Any? declared in com.example.example.MainActivityKt.ScoringTableApp.<no name provided>.invoke' type=kotlin.Any? origin=null
                  p2: TYPE_OP type=kotlin.coroutines.Continuation<*> origin=IMPLICIT_CAST typeOperand=kotlin.coroutines.Continuation<*>
                    GET_VAR 'p2: kotlin.Any? declared in com.example.example.MainActivityKt.ScoringTableApp.<no name provided>.invoke' type=kotlin.Any? origin=null
        CONSTRUCTOR_CALL 'public/*package*/ constructor <init> ($rowNames: kotlin.collections.List<kotlin.String>, $tableData: androidx.compose.runtime.snapshots.SnapshotStateList<kotlin.collections.MutableList<com.example.example.CellData>>, $completion: kotlin.coroutines.Continuation<com.example.example.MainActivityKt.ScoringTableApp.<no name provided>>?) [primary] declared in com.example.example.MainActivityKt.ScoringTableApp.<no name provided>' type=com.example.example.MainActivityKt.ScoringTableApp.<no name provided> origin=null
          $rowNames: GET_VAR 'val rowNames: kotlin.collections.List<kotlin.String> [val] declared in com.example.example.MainActivityKt.ScoringTableApp' type=kotlin.collections.List<kotlin.String> origin=null
          $tableData: GET_VAR 'val tableData: androidx.compose.runtime.snapshots.SnapshotStateList<kotlin.collections.MutableList<com.example.example.CellData>> [val] declared in com.example.example.MainActivityKt.ScoringTableApp' type=androidx.compose.runtime.snapshots.SnapshotStateList<kotlin.collections.MutableList<com.example.example.CellData>> origin=null
          $completion: CONST Null type=kotlin.Nothing? value=null
    VAR PROPERTY_DELEGATE name:showClearDialog$delegate type:androidx.compose.runtime.MutableState<kotlin.Boolean> [val]
      CALL 'public final fun remember <T> (calculation: @[DisallowComposableCalls] kotlin.Function0<T of androidx.compose.runtime.ComposablesKt.remember>): T of androidx.compose.runtime.ComposablesKt.remember [inline] declared in androidx.compose.runtime.ComposablesKt' type=androidx.compose.runtime.MutableState<kotlin.Boolean> origin=null
        <T>: androidx.compose.runtime.MutableState<kotlin.Boolean>
        calculation: BLOCK type=kotlin.Function0<androidx.compose.runtime.MutableState<kotlin.Boolean>> origin=LAMBDA
          COMPOSITE type=kotlin.Unit origin=null
          FUNCTION_REFERENCE 'private final fun ScoringTableApp$lambda$3 (): androidx.compose.runtime.MutableState<kotlin.Boolean> declared in com.example.example.MainActivityKt' type=kotlin.Function0<androidx.compose.runtime.MutableState<kotlin.Boolean>> origin=INLINE_LAMBDA reflectionTarget=null
    COMPOSITE type=kotlin.Unit origin=null
    COMPOSITE type=kotlin.Unit origin=null
    COMPOSITE type=kotlin.Unit origin=null
    VAR name:totalSum type:kotlin.Int [val]
      CALL 'public final fun remember <T> (key1: kotlin.Any?, calculation: @[DisallowComposableCalls] kotlin.Function0<T of androidx.compose.runtime.ComposablesKt.remember>): T of androidx.compose.runtime.ComposablesKt.remember [inline] declared in androidx.compose.runtime.ComposablesKt' type=kotlin.Int origin=null
        <T>: kotlin.Int
        key1: GET_VAR 'val tableData: androidx.compose.runtime.snapshots.SnapshotStateList<kotlin.collections.MutableList<com.example.example.CellData>> [val] declared in com.example.example.MainActivityKt.ScoringTableApp' type=androidx.compose.runtime.snapshots.SnapshotStateList<kotlin.collections.MutableList<com.example.example.CellData>> origin=null
        calculation: BLOCK type=kotlin.Function0<kotlin.Int> origin=LAMBDA
          COMPOSITE type=kotlin.Unit origin=null
          FUNCTION_REFERENCE 'private final fun ScoringTableApp$lambda$7 ($tableData: androidx.compose.runtime.snapshots.SnapshotStateList<kotlin.collections.MutableList<com.example.example.CellData>>): kotlin.Int declared in com.example.example.MainActivityKt' type=kotlin.Function0<kotlin.Int> origin=INLINE_LAMBDA reflectionTarget=null
            $tableData: GET_VAR 'val tableData: androidx.compose.runtime.snapshots.SnapshotStateList<kotlin.collections.MutableList<com.example.example.CellData>> [val] declared in com.example.example.MainActivityKt.ScoringTableApp' type=androidx.compose.runtime.snapshots.SnapshotStateList<kotlin.collections.MutableList<com.example.example.CellData>> origin=null
    CALL 'public final fun Box$default (modifier: androidx.compose.ui.Modifier?, contentAlignment: androidx.compose.ui.Alignment?, propagateMinConstraints: kotlin.Boolean, content: @[Composable] @[ExtensionFunctionType] kotlin.Function1<androidx.compose.foundation.layout.BoxScope, kotlin.Unit>, $mask0: kotlin.Int, $handler: kotlin.Any?): kotlin.Unit [inline] declared in androidx.compose.foundation.layout.BoxKt' type=kotlin.Unit origin=DEFAULT_DISPATCH_CALL
      modifier: CALL 'public final fun fillMaxSize$default (fraction: kotlin.Float, $mask0: kotlin.Int, $handler: kotlin.Any?): androidx.compose.ui.Modifier declared in androidx.compose.foundation.layout.SizeKt' type=androidx.compose.ui.Modifier origin=DEFAULT_DISPATCH_CALL
        $receiver: GET_FIELD 'FIELD FIELD_FOR_OBJECT_INSTANCE name:Companion type:androidx.compose.ui.Modifier.Companion visibility:public [final,static]' type=androidx.compose.ui.Modifier.Companion origin=null
        fraction: COMPOSITE type=kotlin.Float origin=DEFAULT_VALUE
          CONST Float type=kotlin.Float value=0.0
        $mask0: CONST Int type=kotlin.Int value=1
        $handler: CONST Null type=kotlin.Any? value=null
      contentAlignment: COMPOSITE type=androidx.compose.ui.Alignment? origin=DEFAULT_VALUE
        CONST Null type=androidx.compose.ui.Alignment? value=null
      propagateMinConstraints: COMPOSITE type=kotlin.Boolean origin=DEFAULT_VALUE
        CONST Boolean type=kotlin.Boolean value=false
      content: BLOCK type=@[ExtensionFunctionType] kotlin.Function1<androidx.compose.foundation.layout.BoxScope, kotlin.Unit> origin=LAMBDA
        COMPOSITE type=kotlin.Unit origin=null
        FUNCTION_REFERENCE 'private final fun ScoringTableApp$lambda$28 ($tableData: androidx.compose.runtime.snapshots.SnapshotStateList<kotlin.collections.MutableList<com.example.example.CellData>>, $totalSum: kotlin.Int, $showClearDialog$delegate: androidx.compose.runtime.MutableState<kotlin.Boolean>): kotlin.Unit declared in com.example.example.MainActivityKt' type=@[ExtensionFunctionType] kotlin.Function1<androidx.compose.foundation.layout.BoxScope, kotlin.Unit> origin=INLINE_LAMBDA reflectionTarget=null
          $tableData: GET_VAR 'val tableData: androidx.compose.runtime.snapshots.SnapshotStateList<kotlin.collections.MutableList<com.example.example.CellData>> [val] declared in com.example.example.MainActivityKt.ScoringTableApp' type=androidx.compose.runtime.snapshots.SnapshotStateList<kotlin.collections.MutableList<com.example.example.CellData>> origin=null
          $totalSum: GET_VAR 'val totalSum: kotlin.Int [val] declared in com.example.example.MainActivityKt.ScoringTableApp' type=kotlin.Int origin=null
          $showClearDialog$delegate: GET_VAR 'val showClearDialog$delegate: androidx.compose.runtime.MutableState<kotlin.Boolean> [val] declared in com.example.example.MainActivityKt.ScoringTableApp' type=androidx.compose.runtime.MutableState<kotlin.Boolean> origin=null
      $mask0: CONST Int type=kotlin.Int value=6
      $handler: CONST Null type=kotlin.Any? value=null

	at org.jetbrains.kotlin.backend.jvm.codegen.FunctionCodegen.generate(FunctionCodegen.kt:50)
	at org.jetbrains.kotlin.backend.jvm.codegen.FunctionCodegen.generate$default(FunctionCodegen.kt:42)
	at org.jetbrains.kotlin.backend.jvm.codegen.ClassCodegen.generateMethodNode(ClassCodegen.kt:385)
	at org.jetbrains.kotlin.backend.jvm.codegen.ClassCodegen.generateMethod(ClassCodegen.kt:402)
	at org.jetbrains.kotlin.backend.jvm.codegen.ClassCodegen.generate(ClassCodegen.kt:169)
	at org.jetbrains.kotlin.backend.jvm.FileCodegen.lower(JvmPhases.kt:41)
	at org.jetbrains.kotlin.backend.common.phaser.PhaseBuildersKt.makeIrFilePhase$lambda$5(PhaseBuilders.kt:114)
	at org.jetbrains.kotlin.backend.common.phaser.PhaseBuildersKt$createSimpleNamedCompilerPhase$1.phaseBody(PhaseBuilders.kt:71)
	at org.jetbrains.kotlin.backend.common.phaser.SimpleNamedCompilerPhase.phaseBody(CompilerPhase.kt:226)
	at org.jetbrains.kotlin.backend.common.phaser.AbstractNamedCompilerPhase.invoke(CompilerPhase.kt:113)
	at org.jetbrains.kotlin.backend.common.phaser.PerformByIrFilePhase.invokeSequential(performByIrFile.kt:62)
	... 45 more
Caused by: org.jetbrains.kotlin.codegen.CompilationException: Back-end (JVM) Internal error: Couldn't inline method call: CALL 'public final fun remember <T> (calculation: @[DisallowComposableCalls] kotlin.Function0<T of androidx.compose.runtime.ComposablesKt.remember>): T of androidx.compose.runtime.ComposablesKt.remember [inline] declared in androidx.compose.runtime.ComposablesKt' type=androidx.compose.runtime.snapshots.SnapshotStateList<kotlin.collections.MutableList<com.example.example.CellData>> origin=null
Method: null
File is unknown
The root cause java.lang.IllegalStateException was thrown at: org.jetbrains.kotlin.codegen.inline.SourceCompilerForInlineKt.getMethodNode(SourceCompilerForInline.kt:118)
	at org.jetbrains.kotlin.codegen.inline.InlineCodegen.performInline(InlineCodegen.kt:65)
	at org.jetbrains.kotlin.backend.jvm.codegen.IrInlineCodegen.genInlineCall(IrInlineCodegen.kt:162)
	at org.jetbrains.kotlin.backend.jvm.codegen.IrInlineCallGenerator.genCall(IrInlineCallGenerator.kt:36)
	at org.jetbrains.kotlin.backend.jvm.codegen.ExpressionCodegen.visitCall(ExpressionCodegen.kt:647)
	at org.jetbrains.kotlin.backend.jvm.codegen.ExpressionCodegen.visitCall(ExpressionCodegen.kt:137)
	at org.jetbrains.kotlin.ir.expressions.IrCall.accept(IrCall.kt:24)
	at org.jetbrains.kotlin.backend.jvm.codegen.ExpressionCodegen.visitVariable(ExpressionCodegen.kt:784)
	at org.jetbrains.kotlin.backend.jvm.codegen.ExpressionCodegen.visitVariable(ExpressionCodegen.kt:137)
	at org.jetbrains.kotlin.ir.declarations.IrVariable.accept(IrVariable.kt:36)
	at org.jetbrains.kotlin.backend.jvm.codegen.ExpressionCodegen.visitStatementContainer(ExpressionCodegen.kt:573)
	at org.jetbrains.kotlin.backend.jvm.codegen.ExpressionCodegen.visitBlockBody(ExpressionCodegen.kt:578)
	at org.jetbrains.kotlin.backend.jvm.codegen.ExpressionCodegen.visitBlockBody(ExpressionCodegen.kt:137)
	at org.jetbrains.kotlin.ir.expressions.IrBlockBody.accept(IrBlockBody.kt:20)
	at org.jetbrains.kotlin.backend.jvm.codegen.ExpressionCodegen.generate(ExpressionCodegen.kt:239)
	at org.jetbrains.kotlin.backend.jvm.codegen.FunctionCodegen.doGenerate(FunctionCodegen.kt:121)
	at org.jetbrains.kotlin.backend.jvm.codegen.FunctionCodegen.generate(FunctionCodegen.kt:46)
	... 55 more
Caused by: java.lang.IllegalStateException: couldn't find inline method Landroidx/compose/runtime/ComposablesKt;.remember(Lkotlin/jvm/functions/Function0;)Ljava/lang/Object;
	at org.jetbrains.kotlin.codegen.inline.SourceCompilerForInlineKt.getMethodNode(SourceCompilerForInline.kt:118)
	at org.jetbrains.kotlin.codegen.inline.SourceCompilerForInlineKt.loadCompiledInlineFunction(SourceCompilerForInline.kt:96)
	at org.jetbrains.kotlin.backend.jvm.codegen.IrSourceCompilerForInline.compileInlineFunction(IrSourceCompilerForInline.kt:91)
	at org.jetbrains.kotlin.codegen.inline.InlineCodegen.compileInline(InlineCodegen.kt:43)
	at org.jetbrains.kotlin.codegen.inline.InlineCodegen.performInline(InlineCodegen.kt:51)
	... 70 more


